<?xml version="1.0" encoding="UTF-8"?>
<testsuite name="com.att.java.exercise.collections.test.StudentStoreTest" tests="7" skipped="0" failures="0" errors="0" timestamp="2018-02-26T09:53:44" hostname="ILMAC012" time="0.003">
  <properties/>
  <testcase name="voidTestGetAll" classname="com.att.java.exercise.collections.test.StudentStoreTest" time="0.001"/>
  <testcase name="testUpdateStudent" classname="com.att.java.exercise.collections.test.StudentStoreTest" time="0.0"/>
  <testcase name="testAdd" classname="com.att.java.exercise.collections.test.StudentStoreTest" time="0.0"/>
  <testcase name="testGet" classname="com.att.java.exercise.collections.test.StudentStoreTest" time="0.0"/>
  <testcase name="testThatNewStoreIsCreatedWithZeroElements" classname="com.att.java.exercise.collections.test.StudentStoreTest" time="0.0"/>
  <testcase name="testToString" classname="com.att.java.exercise.collections.test.StudentStoreTest" time="0.0"/>
  <testcase name="testDelete" classname="com.att.java.exercise.collections.test.StudentStoreTest" time="0.0"/>
  <system-out><![CDATA[]]></system-out>
  <system-err><![CDATA[]]></system-err>
</testsuite>
